<?xml version="1.0" encoding="UTF-8"?>
<!-- Generated by org.testng.reporters.JUnitReportReporter -->
<testsuite hostname="Laptop-5522" failures="0" tests="2" name="tests.CarbohydratesTest" time="3.138" errors="0" timestamp="2024-07-31T15:11:07 GMT-04:00" skipped="0">
  <testcase classname="tests.CarbohydratesTest" name="VerifyFormValidationForAgeField" time="1.782"/>
  <testcase classname="tests.CarbohydratesTest" name="VerifyUserCanSearchForDifferentCalculators" time="1.356"/>
</testsuite> <!-- tests.CarbohydratesTest -->
